{"C:\\Users\\HP\\OneDrive\\Desktop\\devsprint-2026-Sleepyhead-\\order-gateway\\index.js": {"path":"C:\\Users\\HP\\OneDrive\\Desktop\\devsprint-2026-Sleepyhead-\\order-gateway\\index.js","statementMap":{"0":{"start":{"line":1,"column":16},"end":{"line":1,"column":34}},"1":{"start":{"line":2,"column":12},"end":{"line":2,"column":35}},"2":{"start":{"line":3,"column":14},"end":{"line":3,"column":30}},"3":{"start":{"line":4,"column":14},"end":{"line":4,"column":32}},"4":{"start":{"line":5,"column":0},"end":{"line":5,"column":27}},"5":{"start":{"line":7,"column":12},"end":{"line":7,"column":21}},"6":{"start":{"line":8,"column":0},"end":{"line":8,"column":24}},"7":{"start":{"line":13,"column":13},"end":{"line":13,"column":37}},"8":{"start":{"line":14,"column":19},"end":{"line":14,"column":82}},"9":{"start":{"line":15,"column":26},"end":{"line":15,"column":86}},"10":{"start":{"line":16,"column":28},"end":{"line":16,"column":90}},"11":{"start":{"line":17,"column":18},"end":{"line":17,"column":63}},"12":{"start":{"line":18,"column":26},"end":{"line":18,"column":73}},"13":{"start":{"line":23,"column":14},"end":{"line":26,"column":2}},"14":{"start":{"line":28,"column":0},"end":{"line":30,"column":3}},"15":{"start":{"line":29,"column":2},"end":{"line":29,"column":58}},"16":{"start":{"line":35,"column":16},"end":{"line":43,"column":1}},"17":{"start":{"line":48,"column":0},"end":{"line":65,"column":3}},"18":{"start":{"line":49,"column":2},"end":{"line":49,"column":35}},"19":{"start":{"line":50,"column":2},"end":{"line":50,"column":30}},"20":{"start":{"line":52,"column":2},"end":{"line":62,"column":5}},"21":{"start":{"line":53,"column":21},"end":{"line":53,"column":48}},"22":{"start":{"line":54,"column":4},"end":{"line":54,"column":49}},"23":{"start":{"line":55,"column":4},"end":{"line":55,"column":36}},"24":{"start":{"line":57,"column":4},"end":{"line":61,"column":5}},"25":{"start":{"line":58,"column":6},"end":{"line":58,"column":40}},"26":{"start":{"line":60,"column":6},"end":{"line":60,"column":41}},"27":{"start":{"line":64,"column":2},"end":{"line":64,"column":9}},"28":{"start":{"line":71,"column":21},"end":{"line":71,"column":49}},"29":{"start":{"line":73,"column":2},"end":{"line":76,"column":3}},"30":{"start":{"line":74,"column":4},"end":{"line":74,"column":36}},"31":{"start":{"line":75,"column":4},"end":{"line":75,"column":62}},"32":{"start":{"line":78,"column":16},"end":{"line":78,"column":40}},"33":{"start":{"line":80,"column":2},"end":{"line":87,"column":3}},"34":{"start":{"line":81,"column":20},"end":{"line":81,"column":49}},"35":{"start":{"line":82,"column":4},"end":{"line":82,"column":23}},"36":{"start":{"line":83,"column":4},"end":{"line":83,"column":11}},"37":{"start":{"line":85,"column":4},"end":{"line":85,"column":36}},"38":{"start":{"line":86,"column":4},"end":{"line":86,"column":62}},"39":{"start":{"line":93,"column":0},"end":{"line":123,"column":3}},"40":{"start":{"line":94,"column":17},"end":{"line":94,"column":76}},"41":{"start":{"line":95,"column":19},"end":{"line":95,"column":23}},"42":{"start":{"line":98,"column":2},"end":{"line":103,"column":3}},"43":{"start":{"line":99,"column":4},"end":{"line":99,"column":23}},"44":{"start":{"line":101,"column":4},"end":{"line":101,"column":33}},"45":{"start":{"line":102,"column":4},"end":{"line":102,"column":23}},"46":{"start":{"line":106,"column":2},"end":{"line":111,"column":3}},"47":{"start":{"line":107,"column":4},"end":{"line":107,"column":70}},"48":{"start":{"line":109,"column":4},"end":{"line":109,"column":41}},"49":{"start":{"line":110,"column":4},"end":{"line":110,"column":23}},"50":{"start":{"line":114,"column":2},"end":{"line":119,"column":3}},"51":{"start":{"line":115,"column":4},"end":{"line":115,"column":72}},"52":{"start":{"line":117,"column":4},"end":{"line":117,"column":43}},"53":{"start":{"line":118,"column":4},"end":{"line":118,"column":23}},"54":{"start":{"line":121,"column":21},"end":{"line":121,"column":43}},"55":{"start":{"line":122,"column":2},"end":{"line":122,"column":82}},"56":{"start":{"line":128,"column":0},"end":{"line":161,"column":3}},"57":{"start":{"line":130,"column":4},"end":{"line":132,"column":9}},"58":{"start":{"line":134,"column":17},"end":{"line":158,"column":14}},"59":{"start":{"line":160,"column":2},"end":{"line":160,"column":50}},"60":{"start":{"line":166,"column":0},"end":{"line":228,"column":3}},"61":{"start":{"line":167,"column":31},"end":{"line":167,"column":39}},"62":{"start":{"line":170,"column":2},"end":{"line":172,"column":3}},"63":{"start":{"line":171,"column":4},"end":{"line":171,"column":92}},"64":{"start":{"line":176,"column":2},"end":{"line":185,"column":3}},"65":{"start":{"line":177,"column":24},"end":{"line":177,"column":58}},"66":{"start":{"line":178,"column":4},"end":{"line":181,"column":5}},"67":{"start":{"line":179,"column":6},"end":{"line":179,"column":41}},"68":{"start":{"line":180,"column":6},"end":{"line":180,"column":77}},"69":{"start":{"line":184,"column":4},"end":{"line":184,"column":82}},"70":{"start":{"line":188,"column":2},"end":{"line":212,"column":3}},"71":{"start":{"line":189,"column":21},"end":{"line":193,"column":5}},"72":{"start":{"line":196,"column":4},"end":{"line":202,"column":5}},"73":{"start":{"line":197,"column":6},"end":{"line":201,"column":7}},"74":{"start":{"line":198,"column":8},"end":{"line":198,"column":93}},"75":{"start":{"line":204,"column":4},"end":{"line":209,"column":5}},"76":{"start":{"line":205,"column":6},"end":{"line":205,"column":41}},"77":{"start":{"line":206,"column":6},"end":{"line":208,"column":9}},"78":{"start":{"line":210,"column":4},"end":{"line":210,"column":56}},"79":{"start":{"line":211,"column":4},"end":{"line":211,"column":74}},"80":{"start":{"line":215,"column":2},"end":{"line":225,"column":3}},"81":{"start":{"line":216,"column":4},"end":{"line":220,"column":6}},"82":{"start":{"line":224,"column":4},"end":{"line":224,"column":56}},"83":{"start":{"line":227,"column":2},"end":{"line":227,"column":61}},"84":{"start":{"line":233,"column":0},"end":{"line":235,"column":3}},"85":{"start":{"line":234,"column":2},"end":{"line":234,"column":55}},"86":{"start":{"line":237,"column":0},"end":{"line":237,"column":21}}},"fnMap":{"0":{"name":"(anonymous_0)","decl":{"start":{"line":28,"column":18},"end":{"line":28,"column":19}},"loc":{"start":{"line":28,"column":27},"end":{"line":30,"column":1}},"line":28},"1":{"name":"(anonymous_1)","decl":{"start":{"line":48,"column":8},"end":{"line":48,"column":9}},"loc":{"start":{"line":48,"column":28},"end":{"line":65,"column":1}},"line":48},"2":{"name":"(anonymous_2)","decl":{"start":{"line":52,"column":19},"end":{"line":52,"column":20}},"loc":{"start":{"line":52,"column":25},"end":{"line":62,"column":3}},"line":52},"3":{"name":"requireAuth","decl":{"start":{"line":70,"column":9},"end":{"line":70,"column":20}},"loc":{"start":{"line":70,"column":37},"end":{"line":88,"column":1}},"line":70},"4":{"name":"(anonymous_4)","decl":{"start":{"line":93,"column":19},"end":{"line":93,"column":20}},"loc":{"start":{"line":93,"column":39},"end":{"line":123,"column":1}},"line":93},"5":{"name":"(anonymous_5)","decl":{"start":{"line":128,"column":20},"end":{"line":128,"column":21}},"loc":{"start":{"line":128,"column":34},"end":{"line":161,"column":1}},"line":128},"6":{"name":"(anonymous_6)","decl":{"start":{"line":166,"column":33},"end":{"line":166,"column":34}},"loc":{"start":{"line":166,"column":53},"end":{"line":228,"column":1}},"line":166},"7":{"name":"(anonymous_7)","decl":{"start":{"line":233,"column":17},"end":{"line":233,"column":18}},"loc":{"start":{"line":233,"column":23},"end":{"line":235,"column":1}},"line":233}},"branchMap":{"0":{"loc":{"start":{"line":13,"column":13},"end":{"line":13,"column":37}},"type":"binary-expr","locations":[{"start":{"line":13,"column":13},"end":{"line":13,"column":29}},{"start":{"line":13,"column":33},"end":{"line":13,"column":37}}],"line":13},"1":{"loc":{"start":{"line":14,"column":19},"end":{"line":14,"column":82}},"type":"binary-expr","locations":[{"start":{"line":14,"column":19},"end":{"line":14,"column":41}},{"start":{"line":14,"column":45},"end":{"line":14,"column":82}}],"line":14},"2":{"loc":{"start":{"line":15,"column":26},"end":{"line":15,"column":86}},"type":"binary-expr","locations":[{"start":{"line":15,"column":26},"end":{"line":15,"column":55}},{"start":{"line":15,"column":59},"end":{"line":15,"column":86}}],"line":15},"3":{"loc":{"start":{"line":16,"column":28},"end":{"line":16,"column":90}},"type":"binary-expr","locations":[{"start":{"line":16,"column":28},"end":{"line":16,"column":59}},{"start":{"line":16,"column":63},"end":{"line":16,"column":90}}],"line":16},"4":{"loc":{"start":{"line":17,"column":18},"end":{"line":17,"column":63}},"type":"binary-expr","locations":[{"start":{"line":17,"column":18},"end":{"line":17,"column":39}},{"start":{"line":17,"column":43},"end":{"line":17,"column":63}}],"line":17},"5":{"loc":{"start":{"line":18,"column":35},"end":{"line":18,"column":72}},"type":"binary-expr","locations":[{"start":{"line":18,"column":35},"end":{"line":18,"column":64}},{"start":{"line":18,"column":68},"end":{"line":18,"column":72}}],"line":18},"6":{"loc":{"start":{"line":57,"column":4},"end":{"line":61,"column":5}},"type":"if","locations":[{"start":{"line":57,"column":4},"end":{"line":61,"column":5}},{"start":{"line":59,"column":11},"end":{"line":61,"column":5}}],"line":57},"7":{"loc":{"start":{"line":73,"column":2},"end":{"line":76,"column":3}},"type":"if","locations":[{"start":{"line":73,"column":2},"end":{"line":76,"column":3}},{"start":{},"end":{}}],"line":73},"8":{"loc":{"start":{"line":73,"column":6},"end":{"line":73,"column":54}},"type":"binary-expr","locations":[{"start":{"line":73,"column":6},"end":{"line":73,"column":17}},{"start":{"line":73,"column":21},"end":{"line":73,"column":54}}],"line":73},"9":{"loc":{"start":{"line":121,"column":21},"end":{"line":121,"column":43}},"type":"cond-expr","locations":[{"start":{"line":121,"column":34},"end":{"line":121,"column":37}},{"start":{"line":121,"column":40},"end":{"line":121,"column":43}}],"line":121},"10":{"loc":{"start":{"line":122,"column":40},"end":{"line":122,"column":70}},"type":"cond-expr","locations":[{"start":{"line":122,"column":53},"end":{"line":122,"column":57}},{"start":{"line":122,"column":60},"end":{"line":122,"column":70}}],"line":122},"11":{"loc":{"start":{"line":130,"column":4},"end":{"line":132,"column":9}},"type":"cond-expr","locations":[{"start":{"line":131,"column":8},"end":{"line":131,"column":85}},{"start":{"line":132,"column":8},"end":{"line":132,"column":9}}],"line":130},"12":{"loc":{"start":{"line":170,"column":2},"end":{"line":172,"column":3}},"type":"if","locations":[{"start":{"line":170,"column":2},"end":{"line":172,"column":3}},{"start":{},"end":{}}],"line":170},"13":{"loc":{"start":{"line":170,"column":6},"end":{"line":170,"column":43}},"type":"binary-expr","locations":[{"start":{"line":170,"column":6},"end":{"line":170,"column":13}},{"start":{"line":170,"column":17},"end":{"line":170,"column":26}},{"start":{"line":170,"column":30},"end":{"line":170,"column":43}}],"line":170},"14":{"loc":{"start":{"line":178,"column":4},"end":{"line":181,"column":5}},"type":"if","locations":[{"start":{"line":178,"column":4},"end":{"line":181,"column":5}},{"start":{},"end":{}}],"line":178},"15":{"loc":{"start":{"line":178,"column":8},"end":{"line":178,"column":64}},"type":"binary-expr","locations":[{"start":{"line":178,"column":8},"end":{"line":178,"column":28}},{"start":{"line":178,"column":32},"end":{"line":178,"column":64}}],"line":178},"16":{"loc":{"start":{"line":196,"column":4},"end":{"line":202,"column":5}},"type":"if","locations":[{"start":{"line":196,"column":4},"end":{"line":202,"column":5}},{"start":{},"end":{}}],"line":196},"17":{"loc":{"start":{"line":204,"column":4},"end":{"line":209,"column":5}},"type":"if","locations":[{"start":{"line":204,"column":4},"end":{"line":209,"column":5}},{"start":{},"end":{}}],"line":204},"18":{"loc":{"start":{"line":207,"column":17},"end":{"line":207,"column":65}},"type":"binary-expr","locations":[{"start":{"line":207,"column":17},"end":{"line":207,"column":41}},{"start":{"line":207,"column":45},"end":{"line":207,"column":65}}],"line":207}},"s":{"0":0,"1":0,"2":0,"3":0,"4":0,"5":0,"6":0,"7":0,"8":0,"9":0,"10":0,"11":0,"12":0,"13":0,"14":0,"15":0,"16":0,"17":0,"18":0,"19":0,"20":0,"21":0,"22":0,"23":0,"24":0,"25":0,"26":0,"27":0,"28":0,"29":0,"30":0,"31":0,"32":0,"33":0,"34":0,"35":0,"36":0,"37":0,"38":0,"39":0,"40":0,"41":0,"42":0,"43":0,"44":0,"45":0,"46":0,"47":0,"48":0,"49":0,"50":0,"51":0,"52":0,"53":0,"54":0,"55":0,"56":0,"57":0,"58":0,"59":0,"60":0,"61":0,"62":0,"63":0,"64":0,"65":0,"66":0,"67":0,"68":0,"69":0,"70":0,"71":0,"72":0,"73":0,"74":0,"75":0,"76":0,"77":0,"78":0,"79":0,"80":0,"81":0,"82":0,"83":0,"84":0,"85":0,"86":0},"f":{"0":0,"1":0,"2":0,"3":0,"4":0,"5":0,"6":0,"7":0},"b":{"0":[0,0],"1":[0,0],"2":[0,0],"3":[0,0],"4":[0,0],"5":[0,0],"6":[0,0],"7":[0,0],"8":[0,0],"9":[0,0],"10":[0,0],"11":[0,0],"12":[0,0],"13":[0,0,0],"14":[0,0],"15":[0,0],"16":[0,0],"17":[0,0],"18":[0,0]}}
,"C:\\Users\\HP\\OneDrive\\Desktop\\devsprint-2026-Sleepyhead-\\order-gateway\\kitchen-mock.js": {"path":"C:\\Users\\HP\\OneDrive\\Desktop\\devsprint-2026-Sleepyhead-\\order-gateway\\kitchen-mock.js","statementMap":{"0":{"start":{"line":4,"column":13},"end":{"line":4,"column":28}},"1":{"start":{"line":6,"column":15},"end":{"line":25,"column":2}},"2":{"start":{"line":7,"column":13},"end":{"line":7,"column":15}},"3":{"start":{"line":8,"column":2},"end":{"line":8,"column":45}},"4":{"start":{"line":8,"column":29},"end":{"line":8,"column":42}},"5":{"start":{"line":9,"column":2},"end":{"line":24,"column":5}},"6":{"start":{"line":11,"column":4},"end":{"line":14,"column":5}},"7":{"start":{"line":12,"column":6},"end":{"line":12,"column":25}},"8":{"start":{"line":13,"column":6},"end":{"line":13,"column":27}},"9":{"start":{"line":17,"column":4},"end":{"line":20,"column":5}},"10":{"start":{"line":18,"column":6},"end":{"line":18,"column":65}},"11":{"start":{"line":19,"column":6},"end":{"line":19,"column":59}},"12":{"start":{"line":22,"column":4},"end":{"line":22,"column":23}},"13":{"start":{"line":23,"column":4},"end":{"line":23,"column":25}},"14":{"start":{"line":27,"column":0},"end":{"line":27,"column":72}},"15":{"start":{"line":27,"column":26},"end":{"line":27,"column":70}}},"fnMap":{"0":{"name":"(anonymous_0)","decl":{"start":{"line":6,"column":33},"end":{"line":6,"column":34}},"loc":{"start":{"line":6,"column":47},"end":{"line":25,"column":1}},"line":6},"1":{"name":"(anonymous_1)","decl":{"start":{"line":8,"column":17},"end":{"line":8,"column":18}},"loc":{"start":{"line":8,"column":29},"end":{"line":8,"column":42}},"line":8},"2":{"name":"(anonymous_2)","decl":{"start":{"line":9,"column":16},"end":{"line":9,"column":17}},"loc":{"start":{"line":9,"column":22},"end":{"line":24,"column":3}},"line":9},"3":{"name":"(anonymous_3)","decl":{"start":{"line":27,"column":20},"end":{"line":27,"column":21}},"loc":{"start":{"line":27,"column":26},"end":{"line":27,"column":70}},"line":27}},"branchMap":{"0":{"loc":{"start":{"line":11,"column":4},"end":{"line":14,"column":5}},"type":"if","locations":[{"start":{"line":11,"column":4},"end":{"line":14,"column":5}},{"start":{},"end":{}}],"line":11},"1":{"loc":{"start":{"line":11,"column":8},"end":{"line":11,"column":53}},"type":"binary-expr","locations":[{"start":{"line":11,"column":8},"end":{"line":11,"column":28}},{"start":{"line":11,"column":32},"end":{"line":11,"column":53}}],"line":11},"2":{"loc":{"start":{"line":17,"column":4},"end":{"line":20,"column":5}},"type":"if","locations":[{"start":{"line":17,"column":4},"end":{"line":20,"column":5}},{"start":{},"end":{}}],"line":17},"3":{"loc":{"start":{"line":17,"column":8},"end":{"line":17,"column":55}},"type":"binary-expr","locations":[{"start":{"line":17,"column":8},"end":{"line":17,"column":29}},{"start":{"line":17,"column":33},"end":{"line":17,"column":55}}],"line":17}},"s":{"0":0,"1":0,"2":0,"3":0,"4":0,"5":0,"6":0,"7":0,"8":0,"9":0,"10":0,"11":0,"12":0,"13":0,"14":0,"15":0},"f":{"0":0,"1":0,"2":0,"3":0},"b":{"0":[0,0],"1":[0,0],"2":[0,0],"3":[0,0]}}
,"C:\\Users\\HP\\OneDrive\\Desktop\\devsprint-2026-Sleepyhead-\\order-gateway\\stock-mock.js": {"path":"C:\\Users\\HP\\OneDrive\\Desktop\\devsprint-2026-Sleepyhead-\\order-gateway\\stock-mock.js","statementMap":{"0":{"start":{"line":4,"column":13},"end":{"line":4,"column":28}},"1":{"start":{"line":6,"column":14},"end":{"line":6,"column":45}},"2":{"start":{"line":8,"column":15},"end":{"line":40,"column":2}},"3":{"start":{"line":9,"column":13},"end":{"line":9,"column":15}},"4":{"start":{"line":10,"column":2},"end":{"line":10,"column":45}},"5":{"start":{"line":10,"column":29},"end":{"line":10,"column":42}},"6":{"start":{"line":11,"column":2},"end":{"line":39,"column":5}},"7":{"start":{"line":13,"column":4},"end":{"line":16,"column":5}},"8":{"start":{"line":14,"column":6},"end":{"line":14,"column":25}},"9":{"start":{"line":15,"column":6},"end":{"line":15,"column":27}},"10":{"start":{"line":19,"column":4},"end":{"line":35,"column":5}},"11":{"start":{"line":20,"column":6},"end":{"line":34,"column":7}},"12":{"start":{"line":21,"column":37},"end":{"line":21,"column":53}},"13":{"start":{"line":23,"column":8},"end":{"line":26,"column":9}},"14":{"start":{"line":24,"column":10},"end":{"line":24,"column":69}},"15":{"start":{"line":25,"column":10},"end":{"line":25,"column":74}},"16":{"start":{"line":28,"column":8},"end":{"line":28,"column":34}},"17":{"start":{"line":29,"column":8},"end":{"line":29,"column":67}},"18":{"start":{"line":30,"column":8},"end":{"line":30,"column":69}},"19":{"start":{"line":32,"column":8},"end":{"line":32,"column":27}},"20":{"start":{"line":33,"column":8},"end":{"line":33,"column":32}},"21":{"start":{"line":37,"column":4},"end":{"line":37,"column":23}},"22":{"start":{"line":38,"column":4},"end":{"line":38,"column":25}},"23":{"start":{"line":42,"column":0},"end":{"line":42,"column":70}},"24":{"start":{"line":42,"column":26},"end":{"line":42,"column":68}}},"fnMap":{"0":{"name":"(anonymous_0)","decl":{"start":{"line":8,"column":33},"end":{"line":8,"column":34}},"loc":{"start":{"line":8,"column":47},"end":{"line":40,"column":1}},"line":8},"1":{"name":"(anonymous_1)","decl":{"start":{"line":10,"column":17},"end":{"line":10,"column":18}},"loc":{"start":{"line":10,"column":29},"end":{"line":10,"column":42}},"line":10},"2":{"name":"(anonymous_2)","decl":{"start":{"line":11,"column":16},"end":{"line":11,"column":17}},"loc":{"start":{"line":11,"column":22},"end":{"line":39,"column":3}},"line":11},"3":{"name":"(anonymous_3)","decl":{"start":{"line":42,"column":20},"end":{"line":42,"column":21}},"loc":{"start":{"line":42,"column":26},"end":{"line":42,"column":68}},"line":42}},"branchMap":{"0":{"loc":{"start":{"line":13,"column":4},"end":{"line":16,"column":5}},"type":"if","locations":[{"start":{"line":13,"column":4},"end":{"line":16,"column":5}},{"start":{},"end":{}}],"line":13},"1":{"loc":{"start":{"line":13,"column":8},"end":{"line":13,"column":53}},"type":"binary-expr","locations":[{"start":{"line":13,"column":8},"end":{"line":13,"column":28}},{"start":{"line":13,"column":32},"end":{"line":13,"column":53}}],"line":13},"2":{"loc":{"start":{"line":19,"column":4},"end":{"line":35,"column":5}},"type":"if","locations":[{"start":{"line":19,"column":4},"end":{"line":35,"column":5}},{"start":{},"end":{}}],"line":19},"3":{"loc":{"start":{"line":19,"column":8},"end":{"line":19,"column":57}},"type":"binary-expr","locations":[{"start":{"line":19,"column":8},"end":{"line":19,"column":29}},{"start":{"line":19,"column":33},"end":{"line":19,"column":57}}],"line":19},"4":{"loc":{"start":{"line":23,"column":8},"end":{"line":26,"column":9}},"type":"if","locations":[{"start":{"line":23,"column":8},"end":{"line":26,"column":9}},{"start":{},"end":{}}],"line":23},"5":{"loc":{"start":{"line":23,"column":12},"end":{"line":23,"column":54}},"type":"binary-expr","locations":[{"start":{"line":23,"column":12},"end":{"line":23,"column":26}},{"start":{"line":23,"column":30},"end":{"line":23,"column":54}}],"line":23}},"s":{"0":0,"1":0,"2":0,"3":0,"4":0,"5":0,"6":0,"7":0,"8":0,"9":0,"10":0,"11":0,"12":0,"13":0,"14":0,"15":0,"16":0,"17":0,"18":0,"19":0,"20":0,"21":0,"22":0,"23":0,"24":0},"f":{"0":0,"1":0,"2":0,"3":0},"b":{"0":[0,0],"1":[0,0],"2":[0,0],"3":[0,0],"4":[0,0],"5":[0,0]}}
}
